Analysis & Synthesis report for ALU
Thu Dec 24 11:17:21 2020
Quartus II 64-Bit Version 13.0.1 Build 232 06/12/2013 Service Pack 1 SJ Web Edition


---------------------
; Table of Contents ;
---------------------
  1. Legal Notice
  2. Analysis & Synthesis Summary
  3. Analysis & Synthesis Settings
  4. Parallel Compilation
  5. Analysis & Synthesis Source Files Read
  6. Analysis & Synthesis Resource Usage Summary
  7. Analysis & Synthesis Resource Utilization by Entity
  8. Analysis & Synthesis DSP Block Usage Summary
  9. General Register Statistics
 10. Multiplexer Restructuring Statistics (Restructuring Performed)
 11. Parameter Settings for Inferred Entity Instance: Mul:mul|lpm_mult:Mult0
 12. Parameter Settings for Inferred Entity Instance: Div:div|Iteration:X1|Mul:M1|lpm_mult:Mult0
 13. Parameter Settings for Inferred Entity Instance: Div:div|Iteration:X1|Mul:M2|lpm_mult:Mult0
 14. Parameter Settings for Inferred Entity Instance: Div:div|Iteration:X2|Mul:M1|lpm_mult:Mult0
 15. Parameter Settings for Inferred Entity Instance: Div:div|Iteration:X2|Mul:M2|lpm_mult:Mult0
 16. Parameter Settings for Inferred Entity Instance: Div:div|Iteration:X3|Mul:M1|lpm_mult:Mult0
 17. Parameter Settings for Inferred Entity Instance: Div:div|Iteration:X3|Mul:M2|lpm_mult:Mult0
 18. Parameter Settings for Inferred Entity Instance: Div:div|Mul:END|lpm_mult:Mult0
 19. Parameter Settings for Inferred Entity Instance: Div:div|Mul:x0|lpm_mult:Mult0
 20. lpm_mult Parameter Settings by Entity Instance
 21. Port Connectivity Checks: "Div:div|Mul:END"
 22. Port Connectivity Checks: "Div:div|Iteration:X1|Add_Sub:A1"
 23. Port Connectivity Checks: "Div:div|Iteration:X1|Mul:M1"
 24. Port Connectivity Checks: "Div:div|Add_Sub:X0"
 25. Port Connectivity Checks: "Div:div|Mul:x0"
 26. Port Connectivity Checks: "Add_Sub:sub"
 27. Port Connectivity Checks: "Add_Sub:add|PriorityEncoder:pe"
 28. Port Connectivity Checks: "Add_Sub:add"
 29. Elapsed Time Per Partition
 30. Analysis & Synthesis Messages
 31. Analysis & Synthesis Suppressed Messages



----------------
; Legal Notice ;
----------------
Copyright (C) 1991-2013 Altera Corporation
Your use of Altera Corporation's design tools, logic functions 
and other software and tools, and its AMPP partner logic 
functions, and any output files from any of the foregoing 
(including device programming or simulation files), and any 
associated documentation or information are expressly subject 
to the terms and conditions of the Altera Program License 
Subscription Agreement, Altera MegaCore Function License 
Agreement, or other applicable license agreement, including, 
without limitation, that your use is for the sole purpose of 
programming logic devices manufactured by Altera and sold by 
Altera or its authorized distributors.  Please refer to the 
applicable agreement for further details.



+--------------------------------------------------------------------------------------+
; Analysis & Synthesis Summary                                                         ;
+------------------------------------+-------------------------------------------------+
; Analysis & Synthesis Status        ; Successful - Thu Dec 24 11:17:21 2020           ;
; Quartus II 64-Bit Version          ; 13.0.1 Build 232 06/12/2013 SP 1 SJ Web Edition ;
; Revision Name                      ; ALU                                             ;
; Top-level Entity Name              ; ALU                                             ;
; Family                             ; Cyclone II                                      ;
; Total logic elements               ; 4,682                                           ;
;     Total combinational functions  ; 4,682                                           ;
;     Dedicated logic registers      ; 0                                               ;
; Total registers                    ; 0                                               ;
; Total pins                         ; 98                                              ;
; Total virtual pins                 ; 0                                               ;
; Total memory bits                  ; 0                                               ;
; Embedded Multiplier 9-bit elements ; 63                                              ;
; Total PLLs                         ; 0                                               ;
+------------------------------------+-------------------------------------------------+


+----------------------------------------------------------------------------------------------------------------------+
; Analysis & Synthesis Settings                                                                                        ;
+----------------------------------------------------------------------------+--------------------+--------------------+
; Option                                                                     ; Setting            ; Default Value      ;
+----------------------------------------------------------------------------+--------------------+--------------------+
; Device                                                                     ; EP2C35F672C6       ;                    ;
; Top-level entity name                                                      ; ALU                ; ALU                ;
; Family name                                                                ; Cyclone II         ; Cyclone IV GX      ;
; Use smart compilation                                                      ; Off                ; Off                ;
; Enable parallel Assembler and TimeQuest Timing Analyzer during compilation ; On                 ; On                 ;
; Enable compact report table                                                ; Off                ; Off                ;
; Restructure Multiplexers                                                   ; Auto               ; Auto               ;
; Create Debugging Nodes for IP Cores                                        ; Off                ; Off                ;
; Preserve fewer node names                                                  ; On                 ; On                 ;
; Disable OpenCore Plus hardware evaluation                                  ; Off                ; Off                ;
; Verilog Version                                                            ; Verilog_2001       ; Verilog_2001       ;
; VHDL Version                                                               ; VHDL_1993          ; VHDL_1993          ;
; State Machine Processing                                                   ; Auto               ; Auto               ;
; Safe State Machine                                                         ; Off                ; Off                ;
; Extract Verilog State Machines                                             ; On                 ; On                 ;
; Extract VHDL State Machines                                                ; On                 ; On                 ;
; Ignore Verilog initial constructs                                          ; Off                ; Off                ;
; Iteration limit for constant Verilog loops                                 ; 5000               ; 5000               ;
; Iteration limit for non-constant Verilog loops                             ; 250                ; 250                ;
; Add Pass-Through Logic to Inferred RAMs                                    ; On                 ; On                 ;
; Infer RAMs from Raw Logic                                                  ; On                 ; On                 ;
; Parallel Synthesis                                                         ; On                 ; On                 ;
; DSP Block Balancing                                                        ; Auto               ; Auto               ;
; NOT Gate Push-Back                                                         ; On                 ; On                 ;
; Power-Up Don't Care                                                        ; On                 ; On                 ;
; Remove Redundant Logic Cells                                               ; Off                ; Off                ;
; Remove Duplicate Registers                                                 ; On                 ; On                 ;
; Ignore CARRY Buffers                                                       ; Off                ; Off                ;
; Ignore CASCADE Buffers                                                     ; Off                ; Off                ;
; Ignore GLOBAL Buffers                                                      ; Off                ; Off                ;
; Ignore ROW GLOBAL Buffers                                                  ; Off                ; Off                ;
; Ignore LCELL Buffers                                                       ; Off                ; Off                ;
; Ignore SOFT Buffers                                                        ; On                 ; On                 ;
; Limit AHDL Integers to 32 Bits                                             ; Off                ; Off                ;
; Optimization Technique                                                     ; Balanced           ; Balanced           ;
; Carry Chain Length                                                         ; 70                 ; 70                 ;
; Auto Carry Chains                                                          ; On                 ; On                 ;
; Auto Open-Drain Pins                                                       ; On                 ; On                 ;
; Perform WYSIWYG Primitive Resynthesis                                      ; Off                ; Off                ;
; Auto ROM Replacement                                                       ; On                 ; On                 ;
; Auto RAM Replacement                                                       ; On                 ; On                 ;
; Auto Shift Register Replacement                                            ; Auto               ; Auto               ;
; Allow Shift Register Merging across Hierarchies                            ; Auto               ; Auto               ;
; Auto Clock Enable Replacement                                              ; On                 ; On                 ;
; Strict RAM Replacement                                                     ; Off                ; Off                ;
; Allow Synchronous Control Signals                                          ; On                 ; On                 ;
; Force Use of Synchronous Clear Signals                                     ; Off                ; Off                ;
; Auto RAM to Logic Cell Conversion                                          ; Off                ; Off                ;
; Auto Resource Sharing                                                      ; Off                ; Off                ;
; Allow Any RAM Size For Recognition                                         ; Off                ; Off                ;
; Allow Any ROM Size For Recognition                                         ; Off                ; Off                ;
; Allow Any Shift Register Size For Recognition                              ; Off                ; Off                ;
; Use LogicLock Constraints during Resource Balancing                        ; On                 ; On                 ;
; Ignore translate_off and synthesis_off directives                          ; Off                ; Off                ;
; Timing-Driven Synthesis                                                    ; Off                ; Off                ;
; Report Parameter Settings                                                  ; On                 ; On                 ;
; Report Source Assignments                                                  ; On                 ; On                 ;
; Report Connectivity Checks                                                 ; On                 ; On                 ;
; Ignore Maximum Fan-Out Assignments                                         ; Off                ; Off                ;
; Synchronization Register Chain Length                                      ; 2                  ; 2                  ;
; PowerPlay Power Optimization                                               ; Normal compilation ; Normal compilation ;
; HDL message level                                                          ; Level2             ; Level2             ;
; Suppress Register Optimization Related Messages                            ; Off                ; Off                ;
; Number of Removed Registers Reported in Synthesis Report                   ; 5000               ; 5000               ;
; Number of Swept Nodes Reported in Synthesis Report                         ; 5000               ; 5000               ;
; Number of Inverted Registers Reported in Synthesis Report                  ; 100                ; 100                ;
; Clock MUX Protection                                                       ; On                 ; On                 ;
; Auto Gated Clock Conversion                                                ; Off                ; Off                ;
; Block Design Naming                                                        ; Auto               ; Auto               ;
; SDC constraint protection                                                  ; Off                ; Off                ;
; Synthesis Effort                                                           ; Auto               ; Auto               ;
; Shift Register Replacement - Allow Asynchronous Clear Signal               ; On                 ; On                 ;
; Pre-Mapping Resynthesis Optimization                                       ; Off                ; Off                ;
; Analysis & Synthesis Message Level                                         ; Medium             ; Medium             ;
; Disable Register Merging Across Hierarchies                                ; Auto               ; Auto               ;
; Resource Aware Inference For Block RAM                                     ; On                 ; On                 ;
; Synthesis Seed                                                             ; 1                  ; 1                  ;
+----------------------------------------------------------------------------+--------------------+--------------------+


Parallel compilation was disabled, but you have multiple processors available. Enable parallel compilation to reduce compilation time.
+-------------------------------------+
; Parallel Compilation                ;
+----------------------------+--------+
; Processors                 ; Number ;
+----------------------------+--------+
; Number detected on machine ; 8      ;
; Maximum allowed            ; 1      ;
+----------------------------+--------+


+-------------------------------------------------------------------------------------------------------------------------------------------------------------------------------------------+
; Analysis & Synthesis Source Files Read                                                                                                                                                    ;
+----------------------------------+-----------------+------------------------------+---------------------------------------------------------------------------------------------+---------+
; File Name with User-Entered Path ; Used in Netlist ; File Type                    ; File Name with Absolute Path                                                                ; Library ;
+----------------------------------+-----------------+------------------------------+---------------------------------------------------------------------------------------------+---------+
; PriorityEncoder.v                ; yes             ; User Verilog HDL File        ; E:/BT/HK5/Thiet ke HTS HDL/Final/Floating-Point-ALU-in-Verilog-master/ALU/PriorityEncoder.v ;         ;
; Mul.v                            ; yes             ; User Verilog HDL File        ; E:/BT/HK5/Thiet ke HTS HDL/Final/Floating-Point-ALU-in-Verilog-master/ALU/Mul.v             ;         ;
; Iteration.v                      ; yes             ; User Verilog HDL File        ; E:/BT/HK5/Thiet ke HTS HDL/Final/Floating-Point-ALU-in-Verilog-master/ALU/Iteration.v       ;         ;
; Div.v                            ; yes             ; User Verilog HDL File        ; E:/BT/HK5/Thiet ke HTS HDL/Final/Floating-Point-ALU-in-Verilog-master/ALU/Div.v             ;         ;
; Add_Sub.v                        ; yes             ; User Verilog HDL File        ; E:/BT/HK5/Thiet ke HTS HDL/Final/Floating-Point-ALU-in-Verilog-master/ALU/Add_Sub.v         ;         ;
; ALU.v                            ; yes             ; User Verilog HDL File        ; E:/BT/HK5/Thiet ke HTS HDL/Final/Floating-Point-ALU-in-Verilog-master/ALU/ALU.v             ;         ;
; lpm_mult.tdf                     ; yes             ; Megafunction                 ; c:/altera/13.0sp1/quartus/libraries/megafunctions/lpm_mult.tdf                              ;         ;
; aglobal130.inc                   ; yes             ; Megafunction                 ; c:/altera/13.0sp1/quartus/libraries/megafunctions/aglobal130.inc                            ;         ;
; lpm_add_sub.inc                  ; yes             ; Megafunction                 ; c:/altera/13.0sp1/quartus/libraries/megafunctions/lpm_add_sub.inc                           ;         ;
; multcore.inc                     ; yes             ; Megafunction                 ; c:/altera/13.0sp1/quartus/libraries/megafunctions/multcore.inc                              ;         ;
; bypassff.inc                     ; yes             ; Megafunction                 ; c:/altera/13.0sp1/quartus/libraries/megafunctions/bypassff.inc                              ;         ;
; altshift.inc                     ; yes             ; Megafunction                 ; c:/altera/13.0sp1/quartus/libraries/megafunctions/altshift.inc                              ;         ;
; db/mult_p8t.tdf                  ; yes             ; Auto-Generated Megafunction  ; E:/BT/HK5/Thiet ke HTS HDL/Final/Floating-Point-ALU-in-Verilog-master/ALU/db/mult_p8t.tdf   ;         ;
; db/mult_dct.tdf                  ; yes             ; Auto-Generated Megafunction  ; E:/BT/HK5/Thiet ke HTS HDL/Final/Floating-Point-ALU-in-Verilog-master/ALU/db/mult_dct.tdf   ;         ;
+----------------------------------+-----------------+------------------------------+---------------------------------------------------------------------------------------------+---------+


+------------------------------------------------------------------+
; Analysis & Synthesis Resource Usage Summary                      ;
+---------------------------------------------+--------------------+
; Resource                                    ; Usage              ;
+---------------------------------------------+--------------------+
; Estimated Total logic elements              ; 4,682              ;
;                                             ;                    ;
; Total combinational functions               ; 4682               ;
; Logic element usage by number of LUT inputs ;                    ;
;     -- 4 input functions                    ; 2307               ;
;     -- 3 input functions                    ; 1651               ;
;     -- <=2 input functions                  ; 724                ;
;                                             ;                    ;
; Logic elements by mode                      ;                    ;
;     -- normal mode                          ; 3342               ;
;     -- arithmetic mode                      ; 1340               ;
;                                             ;                    ;
; Total registers                             ; 0                  ;
;     -- Dedicated logic registers            ; 0                  ;
;     -- I/O registers                        ; 0                  ;
;                                             ;                    ;
; I/O pins                                    ; 98                 ;
; Embedded Multiplier 9-bit elements          ; 63                 ;
; Maximum fan-out node                        ; Add_Sub:add|Oper~0 ;
; Maximum fan-out                             ; 75                 ;
; Total fan-out                               ; 16336              ;
; Average fan-out                             ; 3.37               ;
+---------------------------------------------+--------------------+


+-----------------------------------------------------------------------------------------------------------------------------------------------------------------------------------------------------------------------------------------------+
; Analysis & Synthesis Resource Utilization by Entity                                                                                                                                                                                           ;
+------------------------------------------+-------------------+--------------+-------------+--------------+---------+-----------+------+--------------+-------------------------------------------------------------------------+--------------+
; Compilation Hierarchy Node               ; LC Combinationals ; LC Registers ; Memory Bits ; DSP Elements ; DSP 9x9 ; DSP 18x18 ; Pins ; Virtual Pins ; Full Hierarchy Name                                                     ; Library Name ;
+------------------------------------------+-------------------+--------------+-------------+--------------+---------+-----------+------+--------------+-------------------------------------------------------------------------+--------------+
; |ALU                                     ; 4682 (124)        ; 0 (0)        ; 0           ; 63           ; 9       ; 27        ; 98   ; 0            ; |ALU                                                                    ; work         ;
;    |Add_Sub:add|                         ; 636 (394)         ; 0 (0)        ; 0           ; 0            ; 0       ; 0         ; 0    ; 0            ; |ALU|Add_Sub:add                                                        ; work         ;
;       |PriorityEncoder:pe|               ; 242 (242)         ; 0 (0)        ; 0           ; 0            ; 0       ; 0         ; 0    ; 0            ; |ALU|Add_Sub:add|PriorityEncoder:pe                                     ; work         ;
;    |Add_Sub:sub|                         ; 371 (130)         ; 0 (0)        ; 0           ; 0            ; 0       ; 0         ; 0    ; 0            ; |ALU|Add_Sub:sub                                                        ; work         ;
;       |PriorityEncoder:pe|               ; 241 (241)         ; 0 (0)        ; 0           ; 0            ; 0       ; 0         ; 0    ; 0            ; |ALU|Add_Sub:sub|PriorityEncoder:pe                                     ; work         ;
;    |Div:div|                             ; 3382 (16)         ; 0 (0)        ; 0           ; 56           ; 8       ; 24        ; 0    ; 0            ; |ALU|Div:div                                                            ; work         ;
;       |Add_Sub:X0|                       ; 401 (117)         ; 0 (0)        ; 0           ; 0            ; 0       ; 0         ; 0    ; 0            ; |ALU|Div:div|Add_Sub:X0                                                 ; work         ;
;          |PriorityEncoder:pe|            ; 284 (284)         ; 0 (0)        ; 0           ; 0            ; 0       ; 0         ; 0    ; 0            ; |ALU|Div:div|Add_Sub:X0|PriorityEncoder:pe                              ; work         ;
;       |Iteration:X1|                     ; 889 (0)           ; 0 (0)        ; 0           ; 14           ; 2       ; 6         ; 0    ; 0            ; |ALU|Div:div|Iteration:X1                                               ; work         ;
;          |Add_Sub:A1|                    ; 565 (301)         ; 0 (0)        ; 0           ; 0            ; 0       ; 0         ; 0    ; 0            ; |ALU|Div:div|Iteration:X1|Add_Sub:A1                                    ; work         ;
;             |PriorityEncoder:pe|         ; 264 (264)         ; 0 (0)        ; 0           ; 0            ; 0       ; 0         ; 0    ; 0            ; |ALU|Div:div|Iteration:X1|Add_Sub:A1|PriorityEncoder:pe                 ; work         ;
;          |Mul:M1|                        ; 140 (85)          ; 0 (0)        ; 0           ; 7            ; 1       ; 3         ; 0    ; 0            ; |ALU|Div:div|Iteration:X1|Mul:M1                                        ; work         ;
;             |lpm_mult:Mult0|             ; 55 (0)            ; 0 (0)        ; 0           ; 7            ; 1       ; 3         ; 0    ; 0            ; |ALU|Div:div|Iteration:X1|Mul:M1|lpm_mult:Mult0                         ; work         ;
;                |mult_p8t:auto_generated| ; 55 (55)           ; 0 (0)        ; 0           ; 7            ; 1       ; 3         ; 0    ; 0            ; |ALU|Div:div|Iteration:X1|Mul:M1|lpm_mult:Mult0|mult_p8t:auto_generated ; work         ;
;          |Mul:M2|                        ; 184 (129)         ; 0 (0)        ; 0           ; 7            ; 1       ; 3         ; 0    ; 0            ; |ALU|Div:div|Iteration:X1|Mul:M2                                        ; work         ;
;             |lpm_mult:Mult0|             ; 55 (0)            ; 0 (0)        ; 0           ; 7            ; 1       ; 3         ; 0    ; 0            ; |ALU|Div:div|Iteration:X1|Mul:M2|lpm_mult:Mult0                         ; work         ;
;                |mult_p8t:auto_generated| ; 55 (55)           ; 0 (0)        ; 0           ; 7            ; 1       ; 3         ; 0    ; 0            ; |ALU|Div:div|Iteration:X1|Mul:M2|lpm_mult:Mult0|mult_p8t:auto_generated ; work         ;
;       |Iteration:X2|                     ; 898 (0)           ; 0 (0)        ; 0           ; 14           ; 2       ; 6         ; 0    ; 0            ; |ALU|Div:div|Iteration:X2                                               ; work         ;
;          |Add_Sub:A1|                    ; 558 (295)         ; 0 (0)        ; 0           ; 0            ; 0       ; 0         ; 0    ; 0            ; |ALU|Div:div|Iteration:X2|Add_Sub:A1                                    ; work         ;
;             |PriorityEncoder:pe|         ; 263 (263)         ; 0 (0)        ; 0           ; 0            ; 0       ; 0         ; 0    ; 0            ; |ALU|Div:div|Iteration:X2|Add_Sub:A1|PriorityEncoder:pe                 ; work         ;
;          |Mul:M1|                        ; 153 (98)          ; 0 (0)        ; 0           ; 7            ; 1       ; 3         ; 0    ; 0            ; |ALU|Div:div|Iteration:X2|Mul:M1                                        ; work         ;
;             |lpm_mult:Mult0|             ; 55 (0)            ; 0 (0)        ; 0           ; 7            ; 1       ; 3         ; 0    ; 0            ; |ALU|Div:div|Iteration:X2|Mul:M1|lpm_mult:Mult0                         ; work         ;
;                |mult_p8t:auto_generated| ; 55 (55)           ; 0 (0)        ; 0           ; 7            ; 1       ; 3         ; 0    ; 0            ; |ALU|Div:div|Iteration:X2|Mul:M1|lpm_mult:Mult0|mult_p8t:auto_generated ; work         ;
;          |Mul:M2|                        ; 187 (132)         ; 0 (0)        ; 0           ; 7            ; 1       ; 3         ; 0    ; 0            ; |ALU|Div:div|Iteration:X2|Mul:M2                                        ; work         ;
;             |lpm_mult:Mult0|             ; 55 (0)            ; 0 (0)        ; 0           ; 7            ; 1       ; 3         ; 0    ; 0            ; |ALU|Div:div|Iteration:X2|Mul:M2|lpm_mult:Mult0                         ; work         ;
;                |mult_p8t:auto_generated| ; 55 (55)           ; 0 (0)        ; 0           ; 7            ; 1       ; 3         ; 0    ; 0            ; |ALU|Div:div|Iteration:X2|Mul:M2|lpm_mult:Mult0|mult_p8t:auto_generated ; work         ;
;       |Iteration:X3|                     ; 891 (0)           ; 0 (0)        ; 0           ; 14           ; 2       ; 6         ; 0    ; 0            ; |ALU|Div:div|Iteration:X3                                               ; work         ;
;          |Add_Sub:A1|                    ; 560 (296)         ; 0 (0)        ; 0           ; 0            ; 0       ; 0         ; 0    ; 0            ; |ALU|Div:div|Iteration:X3|Add_Sub:A1                                    ; work         ;
;             |PriorityEncoder:pe|         ; 264 (264)         ; 0 (0)        ; 0           ; 0            ; 0       ; 0         ; 0    ; 0            ; |ALU|Div:div|Iteration:X3|Add_Sub:A1|PriorityEncoder:pe                 ; work         ;
;          |Mul:M1|                        ; 152 (97)          ; 0 (0)        ; 0           ; 7            ; 1       ; 3         ; 0    ; 0            ; |ALU|Div:div|Iteration:X3|Mul:M1                                        ; work         ;
;             |lpm_mult:Mult0|             ; 55 (0)            ; 0 (0)        ; 0           ; 7            ; 1       ; 3         ; 0    ; 0            ; |ALU|Div:div|Iteration:X3|Mul:M1|lpm_mult:Mult0                         ; work         ;
;                |mult_p8t:auto_generated| ; 55 (55)           ; 0 (0)        ; 0           ; 7            ; 1       ; 3         ; 0    ; 0            ; |ALU|Div:div|Iteration:X3|Mul:M1|lpm_mult:Mult0|mult_p8t:auto_generated ; work         ;
;          |Mul:M2|                        ; 179 (124)         ; 0 (0)        ; 0           ; 7            ; 1       ; 3         ; 0    ; 0            ; |ALU|Div:div|Iteration:X3|Mul:M2                                        ; work         ;
;             |lpm_mult:Mult0|             ; 55 (0)            ; 0 (0)        ; 0           ; 7            ; 1       ; 3         ; 0    ; 0            ; |ALU|Div:div|Iteration:X3|Mul:M2|lpm_mult:Mult0                         ; work         ;
;                |mult_p8t:auto_generated| ; 55 (55)           ; 0 (0)        ; 0           ; 7            ; 1       ; 3         ; 0    ; 0            ; |ALU|Div:div|Iteration:X3|Mul:M2|lpm_mult:Mult0|mult_p8t:auto_generated ; work         ;
;       |Mul:END|                          ; 170 (115)         ; 0 (0)        ; 0           ; 7            ; 1       ; 3         ; 0    ; 0            ; |ALU|Div:div|Mul:END                                                    ; work         ;
;          |lpm_mult:Mult0|                ; 55 (0)            ; 0 (0)        ; 0           ; 7            ; 1       ; 3         ; 0    ; 0            ; |ALU|Div:div|Mul:END|lpm_mult:Mult0                                     ; work         ;
;             |mult_p8t:auto_generated|    ; 55 (55)           ; 0 (0)        ; 0           ; 7            ; 1       ; 3         ; 0    ; 0            ; |ALU|Div:div|Mul:END|lpm_mult:Mult0|mult_p8t:auto_generated             ; work         ;
;       |Mul:x0|                           ; 117 (62)          ; 0 (0)        ; 0           ; 7            ; 1       ; 3         ; 0    ; 0            ; |ALU|Div:div|Mul:x0                                                     ; work         ;
;          |lpm_mult:Mult0|                ; 55 (0)            ; 0 (0)        ; 0           ; 7            ; 1       ; 3         ; 0    ; 0            ; |ALU|Div:div|Mul:x0|lpm_mult:Mult0                                      ; work         ;
;             |mult_dct:auto_generated|    ; 55 (55)           ; 0 (0)        ; 0           ; 7            ; 1       ; 3         ; 0    ; 0            ; |ALU|Div:div|Mul:x0|lpm_mult:Mult0|mult_dct:auto_generated              ; work         ;
;    |Mul:mul|                             ; 169 (114)         ; 0 (0)        ; 0           ; 7            ; 1       ; 3         ; 0    ; 0            ; |ALU|Mul:mul                                                            ; work         ;
;       |lpm_mult:Mult0|                   ; 55 (0)            ; 0 (0)        ; 0           ; 7            ; 1       ; 3         ; 0    ; 0            ; |ALU|Mul:mul|lpm_mult:Mult0                                             ; work         ;
;          |mult_p8t:auto_generated|       ; 55 (55)           ; 0 (0)        ; 0           ; 7            ; 1       ; 3         ; 0    ; 0            ; |ALU|Mul:mul|lpm_mult:Mult0|mult_p8t:auto_generated                     ; work         ;
+------------------------------------------+-------------------+--------------+-------------+--------------+---------+-----------+------+--------------+-------------------------------------------------------------------------+--------------+
Note: For table entries with two numbers listed, the numbers in parentheses indicate the number of resources of the given type used by the specific entity alone. The numbers listed outside of parentheses indicate the total resources of the given type used by the specific entity and all of its sub-entities in the hierarchy.


+-----------------------------------------------------+
; Analysis & Synthesis DSP Block Usage Summary        ;
+---------------------------------------+-------------+
; Statistic                             ; Number Used ;
+---------------------------------------+-------------+
; Simple Multipliers (9-bit)            ; 9           ;
; Simple Multipliers (18-bit)           ; 27          ;
; Embedded Multiplier Blocks            ; --          ;
; Embedded Multiplier 9-bit elements    ; 63          ;
; Signed Embedded Multipliers           ; 0           ;
; Unsigned Embedded Multipliers         ; 36          ;
; Mixed Sign Embedded Multipliers       ; 0           ;
; Variable Sign Embedded Multipliers    ; 0           ;
; Dedicated Input Shift Register Chains ; 0           ;
+---------------------------------------+-------------+
Note: number of Embedded Multiplier Blocks used is only available after a successful fit.


+------------------------------------------------------+
; General Register Statistics                          ;
+----------------------------------------------+-------+
; Statistic                                    ; Value ;
+----------------------------------------------+-------+
; Total registers                              ; 0     ;
; Number of registers using Synchronous Clear  ; 0     ;
; Number of registers using Synchronous Load   ; 0     ;
; Number of registers using Asynchronous Clear ; 0     ;
; Number of registers using Asynchronous Load  ; 0     ;
; Number of registers using Clock Enable       ; 0     ;
; Number of registers using Preset             ; 0     ;
+----------------------------------------------+-------+


+----------------------------------------------------------------------------------------------------------------------------------------------------------------+
; Multiplexer Restructuring Statistics (Restructuring Performed)                                                                                                 ;
+--------------------+-----------+---------------+----------------------+------------------------+------------+--------------------------------------------------+
; Multiplexer Inputs ; Bus Width ; Baseline Area ; Area if Restructured ; Saving if Restructured ; Registered ; Example Multiplexer Output                       ;
+--------------------+-----------+---------------+----------------------+------------------------+------------+--------------------------------------------------+
; 3:1                ; 8 bits    ; 16 LEs        ; 8 LEs                ; 8 LEs                  ; No         ; |ALU|Add_Sub:add|ShiftRight0                     ;
; 3:1                ; 8 bits    ; 16 LEs        ; 8 LEs                ; 8 LEs                  ; No         ; |ALU|Div:div|Add_Sub:X0|ShiftRight0              ;
; 3:1                ; 8 bits    ; 16 LEs        ; 8 LEs                ; 8 LEs                  ; No         ; |ALU|Div:div|Iteration:X1|Add_Sub:A1|ShiftRight0 ;
; 3:1                ; 8 bits    ; 16 LEs        ; 8 LEs                ; 8 LEs                  ; No         ; |ALU|Div:div|Iteration:X2|Add_Sub:A1|ShiftRight0 ;
; 3:1                ; 8 bits    ; 16 LEs        ; 8 LEs                ; 8 LEs                  ; No         ; |ALU|Div:div|Iteration:X3|Add_Sub:A1|ShiftRight0 ;
; 4:1                ; 3 bits    ; 6 LEs         ; 3 LEs                ; 3 LEs                  ; No         ; |ALU|Add_Sub:sub|Add3                            ;
; 4:1                ; 5 bits    ; 10 LEs        ; 10 LEs               ; 0 LEs                  ; No         ; |ALU|Add_Sub:sub|Add3                            ;
; 4:1                ; 3 bits    ; 6 LEs         ; 3 LEs                ; 3 LEs                  ; No         ; |ALU|Add_Sub:sub|Add3                            ;
; 4:1                ; 8 bits    ; 16 LEs        ; 16 LEs               ; 0 LEs                  ; No         ; |ALU|Add_Sub:add|ShiftRight0                     ;
; 4:1                ; 8 bits    ; 16 LEs        ; 16 LEs               ; 0 LEs                  ; No         ; |ALU|Div:div|Add_Sub:X0|ShiftRight0              ;
; 4:1                ; 8 bits    ; 16 LEs        ; 16 LEs               ; 0 LEs                  ; No         ; |ALU|Div:div|Iteration:X1|Add_Sub:A1|ShiftRight0 ;
; 4:1                ; 8 bits    ; 16 LEs        ; 16 LEs               ; 0 LEs                  ; No         ; |ALU|Div:div|Iteration:X2|Add_Sub:A1|ShiftRight0 ;
; 4:1                ; 8 bits    ; 16 LEs        ; 16 LEs               ; 0 LEs                  ; No         ; |ALU|Div:div|Iteration:X3|Add_Sub:A1|ShiftRight0 ;
; 5:1                ; 4 bits    ; 12 LEs        ; 12 LEs               ; 0 LEs                  ; No         ; |ALU|Add_Sub:add|ShiftRight0                     ;
; 5:1                ; 4 bits    ; 12 LEs        ; 12 LEs               ; 0 LEs                  ; No         ; |ALU|Div:div|Add_Sub:X0|ShiftRight0              ;
; 5:1                ; 4 bits    ; 12 LEs        ; 12 LEs               ; 0 LEs                  ; No         ; |ALU|Div:div|Iteration:X1|Add_Sub:A1|ShiftRight0 ;
; 5:1                ; 4 bits    ; 12 LEs        ; 12 LEs               ; 0 LEs                  ; No         ; |ALU|Div:div|Iteration:X2|Add_Sub:A1|ShiftRight0 ;
; 5:1                ; 4 bits    ; 12 LEs        ; 12 LEs               ; 0 LEs                  ; No         ; |ALU|Div:div|Iteration:X3|Add_Sub:A1|ShiftRight0 ;
; 6:1                ; 2 bits    ; 8 LEs         ; 8 LEs                ; 0 LEs                  ; No         ; |ALU|Add_Sub:add|ShiftRight0                     ;
; 6:1                ; 2 bits    ; 8 LEs         ; 8 LEs                ; 0 LEs                  ; No         ; |ALU|Div:div|Add_Sub:X0|ShiftRight0              ;
; 5:1                ; 8 bits    ; 24 LEs        ; 24 LEs               ; 0 LEs                  ; No         ; |ALU|Div:div|Iteration:X1|Mul:M1|Out[24]         ;
; 6:1                ; 2 bits    ; 8 LEs         ; 8 LEs                ; 0 LEs                  ; No         ; |ALU|Div:div|Iteration:X1|Add_Sub:A1|ShiftRight0 ;
; 5:1                ; 8 bits    ; 24 LEs        ; 24 LEs               ; 0 LEs                  ; No         ; |ALU|Div:div|Iteration:X1|Mul:M2|Out[26]         ;
; 5:1                ; 8 bits    ; 24 LEs        ; 24 LEs               ; 0 LEs                  ; No         ; |ALU|Div:div|Iteration:X2|Mul:M1|Out[24]         ;
; 6:1                ; 2 bits    ; 8 LEs         ; 8 LEs                ; 0 LEs                  ; No         ; |ALU|Div:div|Iteration:X2|Add_Sub:A1|ShiftRight0 ;
; 5:1                ; 8 bits    ; 24 LEs        ; 24 LEs               ; 0 LEs                  ; No         ; |ALU|Div:div|Iteration:X2|Mul:M2|Out[30]         ;
; 5:1                ; 8 bits    ; 24 LEs        ; 24 LEs               ; 0 LEs                  ; No         ; |ALU|Div:div|Iteration:X3|Mul:M1|Out[26]         ;
; 6:1                ; 2 bits    ; 8 LEs         ; 8 LEs                ; 0 LEs                  ; No         ; |ALU|Div:div|Iteration:X3|Add_Sub:A1|ShiftRight0 ;
; 5:1                ; 8 bits    ; 24 LEs        ; 24 LEs               ; 0 LEs                  ; No         ; |ALU|Div:div|Iteration:X3|Mul:M2|Out[29]         ;
; 16:1               ; 8 bits    ; 80 LEs        ; 64 LEs               ; 16 LEs                 ; No         ; |ALU|Out                                         ;
+--------------------+-----------+---------------+----------------------+------------------------+------------+--------------------------------------------------+


+-----------------------------------------------------------------------------------+
; Parameter Settings for Inferred Entity Instance: Mul:mul|lpm_mult:Mult0           ;
+------------------------------------------------+------------+---------------------+
; Parameter Name                                 ; Value      ; Type                ;
+------------------------------------------------+------------+---------------------+
; AUTO_CARRY_CHAINS                              ; ON         ; AUTO_CARRY          ;
; IGNORE_CARRY_BUFFERS                           ; OFF        ; IGNORE_CARRY        ;
; AUTO_CASCADE_CHAINS                            ; ON         ; AUTO_CASCADE        ;
; IGNORE_CASCADE_BUFFERS                         ; OFF        ; IGNORE_CASCADE      ;
; LPM_WIDTHA                                     ; 24         ; Untyped             ;
; LPM_WIDTHB                                     ; 24         ; Untyped             ;
; LPM_WIDTHP                                     ; 48         ; Untyped             ;
; LPM_WIDTHR                                     ; 48         ; Untyped             ;
; LPM_WIDTHS                                     ; 1          ; Untyped             ;
; LPM_REPRESENTATION                             ; UNSIGNED   ; Untyped             ;
; LPM_PIPELINE                                   ; 0          ; Untyped             ;
; LATENCY                                        ; 0          ; Untyped             ;
; INPUT_A_IS_CONSTANT                            ; NO         ; Untyped             ;
; INPUT_B_IS_CONSTANT                            ; NO         ; Untyped             ;
; USE_EAB                                        ; OFF        ; Untyped             ;
; MAXIMIZE_SPEED                                 ; 5          ; Untyped             ;
; DEVICE_FAMILY                                  ; Cyclone II ; Untyped             ;
; CARRY_CHAIN                                    ; MANUAL     ; Untyped             ;
; APEX20K_TECHNOLOGY_MAPPER                      ; LUT        ; TECH_MAPPER_APEX20K ;
; DEDICATED_MULTIPLIER_CIRCUITRY                 ; AUTO       ; Untyped             ;
; DEDICATED_MULTIPLIER_MIN_INPUT_WIDTH_FOR_AUTO  ; 0          ; Untyped             ;
; DEDICATED_MULTIPLIER_MIN_OUTPUT_WIDTH_FOR_AUTO ; 0          ; Untyped             ;
; CBXI_PARAMETER                                 ; mult_p8t   ; Untyped             ;
; INPUT_A_FIXED_VALUE                            ; Bx         ; Untyped             ;
; INPUT_B_FIXED_VALUE                            ; Bx         ; Untyped             ;
; USE_AHDL_IMPLEMENTATION                        ; OFF        ; Untyped             ;
+------------------------------------------------+------------+---------------------+
Note: In order to hide this table in the UI and the text report file, please set the "Show Parameter Settings in Synthesis Report" option in "Analysis and Synthesis Settings -> More Settings" to "Off".


+---------------------------------------------------------------------------------------------+
; Parameter Settings for Inferred Entity Instance: Div:div|Iteration:X1|Mul:M1|lpm_mult:Mult0 ;
+------------------------------------------------+------------+-------------------------------+
; Parameter Name                                 ; Value      ; Type                          ;
+------------------------------------------------+------------+-------------------------------+
; AUTO_CARRY_CHAINS                              ; ON         ; AUTO_CARRY                    ;
; IGNORE_CARRY_BUFFERS                           ; OFF        ; IGNORE_CARRY                  ;
; AUTO_CASCADE_CHAINS                            ; ON         ; AUTO_CASCADE                  ;
; IGNORE_CASCADE_BUFFERS                         ; OFF        ; IGNORE_CASCADE                ;
; LPM_WIDTHA                                     ; 24         ; Untyped                       ;
; LPM_WIDTHB                                     ; 24         ; Untyped                       ;
; LPM_WIDTHP                                     ; 48         ; Untyped                       ;
; LPM_WIDTHR                                     ; 48         ; Untyped                       ;
; LPM_WIDTHS                                     ; 1          ; Untyped                       ;
; LPM_REPRESENTATION                             ; UNSIGNED   ; Untyped                       ;
; LPM_PIPELINE                                   ; 0          ; Untyped                       ;
; LATENCY                                        ; 0          ; Untyped                       ;
; INPUT_A_IS_CONSTANT                            ; NO         ; Untyped                       ;
; INPUT_B_IS_CONSTANT                            ; NO         ; Untyped                       ;
; USE_EAB                                        ; OFF        ; Untyped                       ;
; MAXIMIZE_SPEED                                 ; 5          ; Untyped                       ;
; DEVICE_FAMILY                                  ; Cyclone II ; Untyped                       ;
; CARRY_CHAIN                                    ; MANUAL     ; Untyped                       ;
; APEX20K_TECHNOLOGY_MAPPER                      ; LUT        ; TECH_MAPPER_APEX20K           ;
; DEDICATED_MULTIPLIER_CIRCUITRY                 ; AUTO       ; Untyped                       ;
; DEDICATED_MULTIPLIER_MIN_INPUT_WIDTH_FOR_AUTO  ; 0          ; Untyped                       ;
; DEDICATED_MULTIPLIER_MIN_OUTPUT_WIDTH_FOR_AUTO ; 0          ; Untyped                       ;
; CBXI_PARAMETER                                 ; mult_p8t   ; Untyped                       ;
; INPUT_A_FIXED_VALUE                            ; Bx         ; Untyped                       ;
; INPUT_B_FIXED_VALUE                            ; Bx         ; Untyped                       ;
; USE_AHDL_IMPLEMENTATION                        ; OFF        ; Untyped                       ;
+------------------------------------------------+------------+-------------------------------+
Note: In order to hide this table in the UI and the text report file, please set the "Show Parameter Settings in Synthesis Report" option in "Analysis and Synthesis Settings -> More Settings" to "Off".


+---------------------------------------------------------------------------------------------+
; Parameter Settings for Inferred Entity Instance: Div:div|Iteration:X1|Mul:M2|lpm_mult:Mult0 ;
+------------------------------------------------+------------+-------------------------------+
; Parameter Name                                 ; Value      ; Type                          ;
+------------------------------------------------+------------+-------------------------------+
; AUTO_CARRY_CHAINS                              ; ON         ; AUTO_CARRY                    ;
; IGNORE_CARRY_BUFFERS                           ; OFF        ; IGNORE_CARRY                  ;
; AUTO_CASCADE_CHAINS                            ; ON         ; AUTO_CASCADE                  ;
; IGNORE_CASCADE_BUFFERS                         ; OFF        ; IGNORE_CASCADE                ;
; LPM_WIDTHA                                     ; 24         ; Untyped                       ;
; LPM_WIDTHB                                     ; 24         ; Untyped                       ;
; LPM_WIDTHP                                     ; 48         ; Untyped                       ;
; LPM_WIDTHR                                     ; 48         ; Untyped                       ;
; LPM_WIDTHS                                     ; 1          ; Untyped                       ;
; LPM_REPRESENTATION                             ; UNSIGNED   ; Untyped                       ;
; LPM_PIPELINE                                   ; 0          ; Untyped                       ;
; LATENCY                                        ; 0          ; Untyped                       ;
; INPUT_A_IS_CONSTANT                            ; NO         ; Untyped                       ;
; INPUT_B_IS_CONSTANT                            ; NO         ; Untyped                       ;
; USE_EAB                                        ; OFF        ; Untyped                       ;
; MAXIMIZE_SPEED                                 ; 5          ; Untyped                       ;
; DEVICE_FAMILY                                  ; Cyclone II ; Untyped                       ;
; CARRY_CHAIN                                    ; MANUAL     ; Untyped                       ;
; APEX20K_TECHNOLOGY_MAPPER                      ; LUT        ; TECH_MAPPER_APEX20K           ;
; DEDICATED_MULTIPLIER_CIRCUITRY                 ; AUTO       ; Untyped                       ;
; DEDICATED_MULTIPLIER_MIN_INPUT_WIDTH_FOR_AUTO  ; 0          ; Untyped                       ;
; DEDICATED_MULTIPLIER_MIN_OUTPUT_WIDTH_FOR_AUTO ; 0          ; Untyped                       ;
; CBXI_PARAMETER                                 ; mult_p8t   ; Untyped                       ;
; INPUT_A_FIXED_VALUE                            ; Bx         ; Untyped                       ;
; INPUT_B_FIXED_VALUE                            ; Bx         ; Untyped                       ;
; USE_AHDL_IMPLEMENTATION                        ; OFF        ; Untyped                       ;
+------------------------------------------------+------------+-------------------------------+
Note: In order to hide this table in the UI and the text report file, please set the "Show Parameter Settings in Synthesis Report" option in "Analysis and Synthesis Settings -> More Settings" to "Off".


+---------------------------------------------------------------------------------------------+
; Parameter Settings for Inferred Entity Instance: Div:div|Iteration:X2|Mul:M1|lpm_mult:Mult0 ;
+------------------------------------------------+------------+-------------------------------+
; Parameter Name                                 ; Value      ; Type                          ;
+------------------------------------------------+------------+-------------------------------+
; AUTO_CARRY_CHAINS                              ; ON         ; AUTO_CARRY                    ;
; IGNORE_CARRY_BUFFERS                           ; OFF        ; IGNORE_CARRY                  ;
; AUTO_CASCADE_CHAINS                            ; ON         ; AUTO_CASCADE                  ;
; IGNORE_CASCADE_BUFFERS                         ; OFF        ; IGNORE_CASCADE                ;
; LPM_WIDTHA                                     ; 24         ; Untyped                       ;
; LPM_WIDTHB                                     ; 24         ; Untyped                       ;
; LPM_WIDTHP                                     ; 48         ; Untyped                       ;
; LPM_WIDTHR                                     ; 48         ; Untyped                       ;
; LPM_WIDTHS                                     ; 1          ; Untyped                       ;
; LPM_REPRESENTATION                             ; UNSIGNED   ; Untyped                       ;
; LPM_PIPELINE                                   ; 0          ; Untyped                       ;
; LATENCY                                        ; 0          ; Untyped                       ;
; INPUT_A_IS_CONSTANT                            ; NO         ; Untyped                       ;
; INPUT_B_IS_CONSTANT                            ; NO         ; Untyped                       ;
; USE_EAB                                        ; OFF        ; Untyped                       ;
; MAXIMIZE_SPEED                                 ; 5          ; Untyped                       ;
; DEVICE_FAMILY                                  ; Cyclone II ; Untyped                       ;
; CARRY_CHAIN                                    ; MANUAL     ; Untyped                       ;
; APEX20K_TECHNOLOGY_MAPPER                      ; LUT        ; TECH_MAPPER_APEX20K           ;
; DEDICATED_MULTIPLIER_CIRCUITRY                 ; AUTO       ; Untyped                       ;
; DEDICATED_MULTIPLIER_MIN_INPUT_WIDTH_FOR_AUTO  ; 0          ; Untyped                       ;
; DEDICATED_MULTIPLIER_MIN_OUTPUT_WIDTH_FOR_AUTO ; 0          ; Untyped                       ;
; CBXI_PARAMETER                                 ; mult_p8t   ; Untyped                       ;
; INPUT_A_FIXED_VALUE                            ; Bx         ; Untyped                       ;
; INPUT_B_FIXED_VALUE                            ; Bx         ; Untyped                       ;
; USE_AHDL_IMPLEMENTATION                        ; OFF        ; Untyped                       ;
+------------------------------------------------+------------+-------------------------------+
Note: In order to hide this table in the UI and the text report file, please set the "Show Parameter Settings in Synthesis Report" option in "Analysis and Synthesis Settings -> More Settings" to "Off".


+---------------------------------------------------------------------------------------------+
; Parameter Settings for Inferred Entity Instance: Div:div|Iteration:X2|Mul:M2|lpm_mult:Mult0 ;
+------------------------------------------------+------------+-------------------------------+
; Parameter Name                                 ; Value      ; Type                          ;
+------------------------------------------------+------------+-------------------------------+
; AUTO_CARRY_CHAINS                              ; ON         ; AUTO_CARRY                    ;
; IGNORE_CARRY_BUFFERS                           ; OFF        ; IGNORE_CARRY                  ;
; AUTO_CASCADE_CHAINS                            ; ON         ; AUTO_CASCADE                  ;
; IGNORE_CASCADE_BUFFERS                         ; OFF        ; IGNORE_CASCADE                ;
; LPM_WIDTHA                                     ; 24         ; Untyped                       ;
; LPM_WIDTHB                                     ; 24         ; Untyped                       ;
; LPM_WIDTHP                                     ; 48         ; Untyped                       ;
; LPM_WIDTHR                                     ; 48         ; Untyped                       ;
; LPM_WIDTHS                                     ; 1          ; Untyped                       ;
; LPM_REPRESENTATION                             ; UNSIGNED   ; Untyped                       ;
; LPM_PIPELINE                                   ; 0          ; Untyped                       ;
; LATENCY                                        ; 0          ; Untyped                       ;
; INPUT_A_IS_CONSTANT                            ; NO         ; Untyped                       ;
; INPUT_B_IS_CONSTANT                            ; NO         ; Untyped                       ;
; USE_EAB                                        ; OFF        ; Untyped                       ;
; MAXIMIZE_SPEED                                 ; 5          ; Untyped                       ;
; DEVICE_FAMILY                                  ; Cyclone II ; Untyped                       ;
; CARRY_CHAIN                                    ; MANUAL     ; Untyped                       ;
; APEX20K_TECHNOLOGY_MAPPER                      ; LUT        ; TECH_MAPPER_APEX20K           ;
; DEDICATED_MULTIPLIER_CIRCUITRY                 ; AUTO       ; Untyped                       ;
; DEDICATED_MULTIPLIER_MIN_INPUT_WIDTH_FOR_AUTO  ; 0          ; Untyped                       ;
; DEDICATED_MULTIPLIER_MIN_OUTPUT_WIDTH_FOR_AUTO ; 0          ; Untyped                       ;
; CBXI_PARAMETER                                 ; mult_p8t   ; Untyped                       ;
; INPUT_A_FIXED_VALUE                            ; Bx         ; Untyped                       ;
; INPUT_B_FIXED_VALUE                            ; Bx         ; Untyped                       ;
; USE_AHDL_IMPLEMENTATION                        ; OFF        ; Untyped                       ;
+------------------------------------------------+------------+-------------------------------+
Note: In order to hide this table in the UI and the text report file, please set the "Show Parameter Settings in Synthesis Report" option in "Analysis and Synthesis Settings -> More Settings" to "Off".


+---------------------------------------------------------------------------------------------+
; Parameter Settings for Inferred Entity Instance: Div:div|Iteration:X3|Mul:M1|lpm_mult:Mult0 ;
+------------------------------------------------+------------+-------------------------------+
; Parameter Name                                 ; Value      ; Type                          ;
+------------------------------------------------+------------+-------------------------------+
; AUTO_CARRY_CHAINS                              ; ON         ; AUTO_CARRY                    ;
; IGNORE_CARRY_BUFFERS                           ; OFF        ; IGNORE_CARRY                  ;
; AUTO_CASCADE_CHAINS                            ; ON         ; AUTO_CASCADE                  ;
; IGNORE_CASCADE_BUFFERS                         ; OFF        ; IGNORE_CASCADE                ;
; LPM_WIDTHA                                     ; 24         ; Untyped                       ;
; LPM_WIDTHB                                     ; 24         ; Untyped                       ;
; LPM_WIDTHP                                     ; 48         ; Untyped                       ;
; LPM_WIDTHR                                     ; 48         ; Untyped                       ;
; LPM_WIDTHS                                     ; 1          ; Untyped                       ;
; LPM_REPRESENTATION                             ; UNSIGNED   ; Untyped                       ;
; LPM_PIPELINE                                   ; 0          ; Untyped                       ;
; LATENCY                                        ; 0          ; Untyped                       ;
; INPUT_A_IS_CONSTANT                            ; NO         ; Untyped                       ;
; INPUT_B_IS_CONSTANT                            ; NO         ; Untyped                       ;
; USE_EAB                                        ; OFF        ; Untyped                       ;
; MAXIMIZE_SPEED                                 ; 5          ; Untyped                       ;
; DEVICE_FAMILY                                  ; Cyclone II ; Untyped                       ;
; CARRY_CHAIN                                    ; MANUAL     ; Untyped                       ;
; APEX20K_TECHNOLOGY_MAPPER                      ; LUT        ; TECH_MAPPER_APEX20K           ;
; DEDICATED_MULTIPLIER_CIRCUITRY                 ; AUTO       ; Untyped                       ;
; DEDICATED_MULTIPLIER_MIN_INPUT_WIDTH_FOR_AUTO  ; 0          ; Untyped                       ;
; DEDICATED_MULTIPLIER_MIN_OUTPUT_WIDTH_FOR_AUTO ; 0          ; Untyped                       ;
; CBXI_PARAMETER                                 ; mult_p8t   ; Untyped                       ;
; INPUT_A_FIXED_VALUE                            ; Bx         ; Untyped                       ;
; INPUT_B_FIXED_VALUE                            ; Bx         ; Untyped                       ;
; USE_AHDL_IMPLEMENTATION                        ; OFF        ; Untyped                       ;
+------------------------------------------------+------------+-------------------------------+
Note: In order to hide this table in the UI and the text report file, please set the "Show Parameter Settings in Synthesis Report" option in "Analysis and Synthesis Settings -> More Settings" to "Off".


+---------------------------------------------------------------------------------------------+
; Parameter Settings for Inferred Entity Instance: Div:div|Iteration:X3|Mul:M2|lpm_mult:Mult0 ;
+------------------------------------------------+------------+-------------------------------+
; Parameter Name                                 ; Value      ; Type                          ;
+------------------------------------------------+------------+-------------------------------+
; AUTO_CARRY_CHAINS                              ; ON         ; AUTO_CARRY                    ;
; IGNORE_CARRY_BUFFERS                           ; OFF        ; IGNORE_CARRY                  ;
; AUTO_CASCADE_CHAINS                            ; ON         ; AUTO_CASCADE                  ;
; IGNORE_CASCADE_BUFFERS                         ; OFF        ; IGNORE_CASCADE                ;
; LPM_WIDTHA                                     ; 24         ; Untyped                       ;
; LPM_WIDTHB                                     ; 24         ; Untyped                       ;
; LPM_WIDTHP                                     ; 48         ; Untyped                       ;
; LPM_WIDTHR                                     ; 48         ; Untyped                       ;
; LPM_WIDTHS                                     ; 1          ; Untyped                       ;
; LPM_REPRESENTATION                             ; UNSIGNED   ; Untyped                       ;
; LPM_PIPELINE                                   ; 0          ; Untyped                       ;
; LATENCY                                        ; 0          ; Untyped                       ;
; INPUT_A_IS_CONSTANT                            ; NO         ; Untyped                       ;
; INPUT_B_IS_CONSTANT                            ; NO         ; Untyped                       ;
; USE_EAB                                        ; OFF        ; Untyped                       ;
; MAXIMIZE_SPEED                                 ; 5          ; Untyped                       ;
; DEVICE_FAMILY                                  ; Cyclone II ; Untyped                       ;
; CARRY_CHAIN                                    ; MANUAL     ; Untyped                       ;
; APEX20K_TECHNOLOGY_MAPPER                      ; LUT        ; TECH_MAPPER_APEX20K           ;
; DEDICATED_MULTIPLIER_CIRCUITRY                 ; AUTO       ; Untyped                       ;
; DEDICATED_MULTIPLIER_MIN_INPUT_WIDTH_FOR_AUTO  ; 0          ; Untyped                       ;
; DEDICATED_MULTIPLIER_MIN_OUTPUT_WIDTH_FOR_AUTO ; 0          ; Untyped                       ;
; CBXI_PARAMETER                                 ; mult_p8t   ; Untyped                       ;
; INPUT_A_FIXED_VALUE                            ; Bx         ; Untyped                       ;
; INPUT_B_FIXED_VALUE                            ; Bx         ; Untyped                       ;
; USE_AHDL_IMPLEMENTATION                        ; OFF        ; Untyped                       ;
+------------------------------------------------+------------+-------------------------------+
Note: In order to hide this table in the UI and the text report file, please set the "Show Parameter Settings in Synthesis Report" option in "Analysis and Synthesis Settings -> More Settings" to "Off".


+-----------------------------------------------------------------------------------+
; Parameter Settings for Inferred Entity Instance: Div:div|Mul:END|lpm_mult:Mult0   ;
+------------------------------------------------+------------+---------------------+
; Parameter Name                                 ; Value      ; Type                ;
+------------------------------------------------+------------+---------------------+
; AUTO_CARRY_CHAINS                              ; ON         ; AUTO_CARRY          ;
; IGNORE_CARRY_BUFFERS                           ; OFF        ; IGNORE_CARRY        ;
; AUTO_CASCADE_CHAINS                            ; ON         ; AUTO_CASCADE        ;
; IGNORE_CASCADE_BUFFERS                         ; OFF        ; IGNORE_CASCADE      ;
; LPM_WIDTHA                                     ; 24         ; Untyped             ;
; LPM_WIDTHB                                     ; 24         ; Untyped             ;
; LPM_WIDTHP                                     ; 48         ; Untyped             ;
; LPM_WIDTHR                                     ; 48         ; Untyped             ;
; LPM_WIDTHS                                     ; 1          ; Untyped             ;
; LPM_REPRESENTATION                             ; UNSIGNED   ; Untyped             ;
; LPM_PIPELINE                                   ; 0          ; Untyped             ;
; LATENCY                                        ; 0          ; Untyped             ;
; INPUT_A_IS_CONSTANT                            ; NO         ; Untyped             ;
; INPUT_B_IS_CONSTANT                            ; NO         ; Untyped             ;
; USE_EAB                                        ; OFF        ; Untyped             ;
; MAXIMIZE_SPEED                                 ; 5          ; Untyped             ;
; DEVICE_FAMILY                                  ; Cyclone II ; Untyped             ;
; CARRY_CHAIN                                    ; MANUAL     ; Untyped             ;
; APEX20K_TECHNOLOGY_MAPPER                      ; LUT        ; TECH_MAPPER_APEX20K ;
; DEDICATED_MULTIPLIER_CIRCUITRY                 ; AUTO       ; Untyped             ;
; DEDICATED_MULTIPLIER_MIN_INPUT_WIDTH_FOR_AUTO  ; 0          ; Untyped             ;
; DEDICATED_MULTIPLIER_MIN_OUTPUT_WIDTH_FOR_AUTO ; 0          ; Untyped             ;
; CBXI_PARAMETER                                 ; mult_p8t   ; Untyped             ;
; INPUT_A_FIXED_VALUE                            ; Bx         ; Untyped             ;
; INPUT_B_FIXED_VALUE                            ; Bx         ; Untyped             ;
; USE_AHDL_IMPLEMENTATION                        ; OFF        ; Untyped             ;
+------------------------------------------------+------------+---------------------+
Note: In order to hide this table in the UI and the text report file, please set the "Show Parameter Settings in Synthesis Report" option in "Analysis and Synthesis Settings -> More Settings" to "Off".


+-----------------------------------------------------------------------------------+
; Parameter Settings for Inferred Entity Instance: Div:div|Mul:x0|lpm_mult:Mult0    ;
+------------------------------------------------+------------+---------------------+
; Parameter Name                                 ; Value      ; Type                ;
+------------------------------------------------+------------+---------------------+
; AUTO_CARRY_CHAINS                              ; ON         ; AUTO_CARRY          ;
; IGNORE_CARRY_BUFFERS                           ; OFF        ; IGNORE_CARRY        ;
; AUTO_CASCADE_CHAINS                            ; ON         ; AUTO_CASCADE        ;
; IGNORE_CASCADE_BUFFERS                         ; OFF        ; IGNORE_CASCADE      ;
; LPM_WIDTHA                                     ; 24         ; Untyped             ;
; LPM_WIDTHB                                     ; 24         ; Untyped             ;
; LPM_WIDTHP                                     ; 48         ; Untyped             ;
; LPM_WIDTHR                                     ; 48         ; Untyped             ;
; LPM_WIDTHS                                     ; 1          ; Untyped             ;
; LPM_REPRESENTATION                             ; UNSIGNED   ; Untyped             ;
; LPM_PIPELINE                                   ; 0          ; Untyped             ;
; LATENCY                                        ; 0          ; Untyped             ;
; INPUT_A_IS_CONSTANT                            ; YES        ; Untyped             ;
; INPUT_B_IS_CONSTANT                            ; NO         ; Untyped             ;
; USE_EAB                                        ; OFF        ; Untyped             ;
; MAXIMIZE_SPEED                                 ; 5          ; Untyped             ;
; DEVICE_FAMILY                                  ; Cyclone II ; Untyped             ;
; CARRY_CHAIN                                    ; MANUAL     ; Untyped             ;
; APEX20K_TECHNOLOGY_MAPPER                      ; LUT        ; TECH_MAPPER_APEX20K ;
; DEDICATED_MULTIPLIER_CIRCUITRY                 ; AUTO       ; Untyped             ;
; DEDICATED_MULTIPLIER_MIN_INPUT_WIDTH_FOR_AUTO  ; 0          ; Untyped             ;
; DEDICATED_MULTIPLIER_MIN_OUTPUT_WIDTH_FOR_AUTO ; 0          ; Untyped             ;
; CBXI_PARAMETER                                 ; mult_dct   ; Untyped             ;
; INPUT_A_FIXED_VALUE                            ; Bx         ; Untyped             ;
; INPUT_B_FIXED_VALUE                            ; Bx         ; Untyped             ;
; USE_AHDL_IMPLEMENTATION                        ; OFF        ; Untyped             ;
+------------------------------------------------+------------+---------------------+
Note: In order to hide this table in the UI and the text report file, please set the "Show Parameter Settings in Synthesis Report" option in "Analysis and Synthesis Settings -> More Settings" to "Off".


+------------------------------------------------------------------------------------+
; lpm_mult Parameter Settings by Entity Instance                                     ;
+---------------------------------------+--------------------------------------------+
; Name                                  ; Value                                      ;
+---------------------------------------+--------------------------------------------+
; Number of entity instances            ; 9                                          ;
; Entity Instance                       ; Mul:mul|lpm_mult:Mult0                     ;
;     -- LPM_WIDTHA                     ; 24                                         ;
;     -- LPM_WIDTHB                     ; 24                                         ;
;     -- LPM_WIDTHP                     ; 48                                         ;
;     -- LPM_REPRESENTATION             ; UNSIGNED                                   ;
;     -- INPUT_A_IS_CONSTANT            ; NO                                         ;
;     -- INPUT_B_IS_CONSTANT            ; NO                                         ;
;     -- USE_EAB                        ; OFF                                        ;
;     -- DEDICATED_MULTIPLIER_CIRCUITRY ; AUTO                                       ;
;     -- INPUT_A_FIXED_VALUE            ; Bx                                         ;
;     -- INPUT_B_FIXED_VALUE            ; Bx                                         ;
; Entity Instance                       ; Div:div|Iteration:X1|Mul:M1|lpm_mult:Mult0 ;
;     -- LPM_WIDTHA                     ; 24                                         ;
;     -- LPM_WIDTHB                     ; 24                                         ;
;     -- LPM_WIDTHP                     ; 48                                         ;
;     -- LPM_REPRESENTATION             ; UNSIGNED                                   ;
;     -- INPUT_A_IS_CONSTANT            ; NO                                         ;
;     -- INPUT_B_IS_CONSTANT            ; NO                                         ;
;     -- USE_EAB                        ; OFF                                        ;
;     -- DEDICATED_MULTIPLIER_CIRCUITRY ; AUTO                                       ;
;     -- INPUT_A_FIXED_VALUE            ; Bx                                         ;
;     -- INPUT_B_FIXED_VALUE            ; Bx                                         ;
; Entity Instance                       ; Div:div|Iteration:X1|Mul:M2|lpm_mult:Mult0 ;
;     -- LPM_WIDTHA                     ; 24                                         ;
;     -- LPM_WIDTHB                     ; 24                                         ;
;     -- LPM_WIDTHP                     ; 48                                         ;
;     -- LPM_REPRESENTATION             ; UNSIGNED                                   ;
;     -- INPUT_A_IS_CONSTANT            ; NO                                         ;
;     -- INPUT_B_IS_CONSTANT            ; NO                                         ;
;     -- USE_EAB                        ; OFF                                        ;
;     -- DEDICATED_MULTIPLIER_CIRCUITRY ; AUTO                                       ;
;     -- INPUT_A_FIXED_VALUE            ; Bx                                         ;
;     -- INPUT_B_FIXED_VALUE            ; Bx                                         ;
; Entity Instance                       ; Div:div|Iteration:X2|Mul:M1|lpm_mult:Mult0 ;
;     -- LPM_WIDTHA                     ; 24                                         ;
;     -- LPM_WIDTHB                     ; 24                                         ;
;     -- LPM_WIDTHP                     ; 48                                         ;
;     -- LPM_REPRESENTATION             ; UNSIGNED                                   ;
;     -- INPUT_A_IS_CONSTANT            ; NO                                         ;
;     -- INPUT_B_IS_CONSTANT            ; NO                                         ;
;     -- USE_EAB                        ; OFF                                        ;
;     -- DEDICATED_MULTIPLIER_CIRCUITRY ; AUTO                                       ;
;     -- INPUT_A_FIXED_VALUE            ; Bx                                         ;
;     -- INPUT_B_FIXED_VALUE            ; Bx                                         ;
; Entity Instance                       ; Div:div|Iteration:X2|Mul:M2|lpm_mult:Mult0 ;
;     -- LPM_WIDTHA                     ; 24                                         ;
;     -- LPM_WIDTHB                     ; 24                                         ;
;     -- LPM_WIDTHP                     ; 48                                         ;
;     -- LPM_REPRESENTATION             ; UNSIGNED                                   ;
;     -- INPUT_A_IS_CONSTANT            ; NO                                         ;
;     -- INPUT_B_IS_CONSTANT            ; NO                                         ;
;     -- USE_EAB                        ; OFF                                        ;
;     -- DEDICATED_MULTIPLIER_CIRCUITRY ; AUTO                                       ;
;     -- INPUT_A_FIXED_VALUE            ; Bx                                         ;
;     -- INPUT_B_FIXED_VALUE            ; Bx                                         ;
; Entity Instance                       ; Div:div|Iteration:X3|Mul:M1|lpm_mult:Mult0 ;
;     -- LPM_WIDTHA                     ; 24                                         ;
;     -- LPM_WIDTHB                     ; 24                                         ;
;     -- LPM_WIDTHP                     ; 48                                         ;
;     -- LPM_REPRESENTATION             ; UNSIGNED                                   ;
;     -- INPUT_A_IS_CONSTANT            ; NO                                         ;
;     -- INPUT_B_IS_CONSTANT            ; NO                                         ;
;     -- USE_EAB                        ; OFF                                        ;
;     -- DEDICATED_MULTIPLIER_CIRCUITRY ; AUTO                                       ;
;     -- INPUT_A_FIXED_VALUE            ; Bx                                         ;
;     -- INPUT_B_FIXED_VALUE            ; Bx                                         ;
; Entity Instance                       ; Div:div|Iteration:X3|Mul:M2|lpm_mult:Mult0 ;
;     -- LPM_WIDTHA                     ; 24                                         ;
;     -- LPM_WIDTHB                     ; 24                                         ;
;     -- LPM_WIDTHP                     ; 48                                         ;
;     -- LPM_REPRESENTATION             ; UNSIGNED                                   ;
;     -- INPUT_A_IS_CONSTANT            ; NO                                         ;
;     -- INPUT_B_IS_CONSTANT            ; NO                                         ;
;     -- USE_EAB                        ; OFF                                        ;
;     -- DEDICATED_MULTIPLIER_CIRCUITRY ; AUTO                                       ;
;     -- INPUT_A_FIXED_VALUE            ; Bx                                         ;
;     -- INPUT_B_FIXED_VALUE            ; Bx                                         ;
; Entity Instance                       ; Div:div|Mul:END|lpm_mult:Mult0             ;
;     -- LPM_WIDTHA                     ; 24                                         ;
;     -- LPM_WIDTHB                     ; 24                                         ;
;     -- LPM_WIDTHP                     ; 48                                         ;
;     -- LPM_REPRESENTATION             ; UNSIGNED                                   ;
;     -- INPUT_A_IS_CONSTANT            ; NO                                         ;
;     -- INPUT_B_IS_CONSTANT            ; NO                                         ;
;     -- USE_EAB                        ; OFF                                        ;
;     -- DEDICATED_MULTIPLIER_CIRCUITRY ; AUTO                                       ;
;     -- INPUT_A_FIXED_VALUE            ; Bx                                         ;
;     -- INPUT_B_FIXED_VALUE            ; Bx                                         ;
; Entity Instance                       ; Div:div|Mul:x0|lpm_mult:Mult0              ;
;     -- LPM_WIDTHA                     ; 24                                         ;
;     -- LPM_WIDTHB                     ; 24                                         ;
;     -- LPM_WIDTHP                     ; 48                                         ;
;     -- LPM_REPRESENTATION             ; UNSIGNED                                   ;
;     -- INPUT_A_IS_CONSTANT            ; YES                                        ;
;     -- INPUT_B_IS_CONSTANT            ; NO                                         ;
;     -- USE_EAB                        ; OFF                                        ;
;     -- DEDICATED_MULTIPLIER_CIRCUITRY ; AUTO                                       ;
;     -- INPUT_A_FIXED_VALUE            ; Bx                                         ;
;     -- INPUT_B_FIXED_VALUE            ; Bx                                         ;
+---------------------------------------+--------------------------------------------+


+-------------------------------------------------------------------------------------------------------------------+
; Port Connectivity Checks: "Div:div|Mul:END"                                                                       ;
+---------+--------+----------+-------------------------------------------------------------------------------------+
; Port    ; Type   ; Severity ; Details                                                                             ;
+---------+--------+----------+-------------------------------------------------------------------------------------+
; Out[31] ; Output ; Info     ; Connected to dangling logic. Logic that only feeds a dangling port will be removed. ;
+---------+--------+----------+-------------------------------------------------------------------------------------+


+-------------------------------------------------------------+
; Port Connectivity Checks: "Div:div|Iteration:X1|Add_Sub:A1" ;
+------------+-------+----------+-----------------------------+
; Port       ; Type  ; Severity ; Details                     ;
+------------+-------+----------+-----------------------------+
; InA[29..0] ; Input ; Info     ; Stuck at GND                ;
; InA[31]    ; Input ; Info     ; Stuck at GND                ;
; InA[30]    ; Input ; Info     ; Stuck at VCC                ;
; InB[31]    ; Input ; Info     ; Stuck at VCC                ;
; Operation  ; Input ; Info     ; Stuck at GND                ;
+------------+-------+----------+-----------------------------+


+-------------------------------------------------------------------------------------------------------------------+
; Port Connectivity Checks: "Div:div|Iteration:X1|Mul:M1"                                                           ;
+---------+--------+----------+-------------------------------------------------------------------------------------+
; Port    ; Type   ; Severity ; Details                                                                             ;
+---------+--------+----------+-------------------------------------------------------------------------------------+
; Out[31] ; Output ; Info     ; Connected to dangling logic. Logic that only feeds a dangling port will be removed. ;
+---------+--------+----------+-------------------------------------------------------------------------------------+


+------------------------------------------------+
; Port Connectivity Checks: "Div:div|Add_Sub:X0" ;
+-------------+-------+----------+---------------+
; Port        ; Type  ; Severity ; Details       ;
+-------------+-------+----------+---------------+
; InB[21..20] ; Input ; Info     ; Stuck at VCC  ;
; InB[13..12] ; Input ; Info     ; Stuck at VCC  ;
; InB[5..4]   ; Input ; Info     ; Stuck at VCC  ;
; InB[29..22] ; Input ; Info     ; Stuck at GND  ;
; InB[17..16] ; Input ; Info     ; Stuck at GND  ;
; InB[9..8]   ; Input ; Info     ; Stuck at GND  ;
; InB[31]     ; Input ; Info     ; Stuck at GND  ;
; InB[30]     ; Input ; Info     ; Stuck at VCC  ;
; InB[19]     ; Input ; Info     ; Stuck at GND  ;
; InB[18]     ; Input ; Info     ; Stuck at VCC  ;
; InB[15]     ; Input ; Info     ; Stuck at VCC  ;
; InB[14]     ; Input ; Info     ; Stuck at GND  ;
; InB[11]     ; Input ; Info     ; Stuck at GND  ;
; InB[10]     ; Input ; Info     ; Stuck at VCC  ;
; InB[7]      ; Input ; Info     ; Stuck at VCC  ;
; InB[6]      ; Input ; Info     ; Stuck at GND  ;
; InB[3]      ; Input ; Info     ; Stuck at GND  ;
; InB[2]      ; Input ; Info     ; Stuck at VCC  ;
; InB[1]      ; Input ; Info     ; Stuck at GND  ;
; InB[0]      ; Input ; Info     ; Stuck at VCC  ;
; Operation   ; Input ; Info     ; Stuck at GND  ;
+-------------+-------+----------+---------------+


+-----------------------------------------------+
; Port Connectivity Checks: "Div:div|Mul:x0"    ;
+-------------+-------+----------+--------------+
; Port        ; Type  ; Severity ; Details      ;
+-------------+-------+----------+--------------+
; InA[31..30] ; Input ; Info     ; Stuck at VCC ;
; InA[17..16] ; Input ; Info     ; Stuck at VCC ;
; InA[9..8]   ; Input ; Info     ; Stuck at VCC ;
; InA[1..0]   ; Input ; Info     ; Stuck at VCC ;
; InA[29..20] ; Input ; Info     ; Stuck at GND ;
; InA[13..12] ; Input ; Info     ; Stuck at GND ;
; InA[5..4]   ; Input ; Info     ; Stuck at GND ;
; InA[19]     ; Input ; Info     ; Stuck at VCC ;
; InA[18]     ; Input ; Info     ; Stuck at GND ;
; InA[15]     ; Input ; Info     ; Stuck at GND ;
; InA[14]     ; Input ; Info     ; Stuck at VCC ;
; InA[11]     ; Input ; Info     ; Stuck at VCC ;
; InA[10]     ; Input ; Info     ; Stuck at GND ;
; InA[7]      ; Input ; Info     ; Stuck at GND ;
; InA[6]      ; Input ; Info     ; Stuck at VCC ;
; InA[3]      ; Input ; Info     ; Stuck at VCC ;
; InA[2]      ; Input ; Info     ; Stuck at GND ;
+-------------+-------+----------+--------------+


+---------------------------------------------+
; Port Connectivity Checks: "Add_Sub:sub"     ;
+-----------+-------+----------+--------------+
; Port      ; Type  ; Severity ; Details      ;
+-----------+-------+----------+--------------+
; Operation ; Input ; Info     ; Stuck at VCC ;
+-----------+-------+----------+--------------+


+--------------------------------------------------------------------------------------------------------------------------+
; Port Connectivity Checks: "Add_Sub:add|PriorityEncoder:pe"                                                               ;
+----------------+--------+----------+-------------------------------------------------------------------------------------+
; Port           ; Type   ; Severity ; Details                                                                             ;
+----------------+--------+----------+-------------------------------------------------------------------------------------+
; MemOut[24..23] ; Output ; Info     ; Connected to dangling logic. Logic that only feeds a dangling port will be removed. ;
+----------------+--------+----------+-------------------------------------------------------------------------------------+


+---------------------------------------------+
; Port Connectivity Checks: "Add_Sub:add"     ;
+-----------+-------+----------+--------------+
; Port      ; Type  ; Severity ; Details      ;
+-----------+-------+----------+--------------+
; Operation ; Input ; Info     ; Stuck at GND ;
+-----------+-------+----------+--------------+


+-------------------------------+
; Elapsed Time Per Partition    ;
+----------------+--------------+
; Partition Name ; Elapsed Time ;
+----------------+--------------+
; Top            ; 00:00:12     ;
+----------------+--------------+


+-------------------------------+
; Analysis & Synthesis Messages ;
+-------------------------------+
Info: *******************************************************************
Info: Running Quartus II 64-Bit Analysis & Synthesis
    Info: Version 13.0.1 Build 232 06/12/2013 Service Pack 1 SJ Web Edition
    Info: Processing started: Thu Dec 24 11:17:06 2020
Info: Command: quartus_map --read_settings_files=on --write_settings_files=off ALU -c ALU
Warning (20028): Parallel compilation is not licensed and has been disabled
Info (12021): Found 1 design units, including 1 entities, in source file priorityencoder.v
    Info (12023): Found entity 1: PriorityEncoder
Info (12021): Found 1 design units, including 1 entities, in source file mul.v
    Info (12023): Found entity 1: Mul
Info (12021): Found 1 design units, including 1 entities, in source file iteration.v
    Info (12023): Found entity 1: Iteration
Info (12021): Found 1 design units, including 1 entities, in source file div.v
    Info (12023): Found entity 1: Div
Info (12021): Found 1 design units, including 1 entities, in source file add_sub.v
    Info (12023): Found entity 1: Add_Sub
Info (12021): Found 1 design units, including 1 entities, in source file alu.v
    Info (12023): Found entity 1: ALU
Warning (10236): Verilog HDL Implicit Net warning at Mul.v(14): created implicit net for "Exception"
Warning (10236): Verilog HDL Implicit Net warning at Mul.v(27): created implicit net for "Overflow"
Warning (10236): Verilog HDL Implicit Net warning at Mul.v(28): created implicit net for "Underflow"
Warning (10236): Verilog HDL Implicit Net warning at Add_Sub.v(30): created implicit net for "Exception"
Warning (10236): Verilog HDL Implicit Net warning at Add_Sub.v(40): created implicit net for "perform"
Info (12127): Elaborating entity "ALU" for the top level hierarchy
Info (12128): Elaborating entity "Add_Sub" for hierarchy "Add_Sub:add"
Info (12128): Elaborating entity "PriorityEncoder" for hierarchy "Add_Sub:add|PriorityEncoder:pe"
Warning (10230): Verilog HDL assignment warning at PriorityEncoder.v(138): truncated value with size 8 to match size of target (5)
Info (12128): Elaborating entity "Mul" for hierarchy "Mul:mul"
Info (12128): Elaborating entity "Div" for hierarchy "Div:div"
Info (12128): Elaborating entity "Iteration" for hierarchy "Div:div|Iteration:X1"
Info (278001): Inferred 9 megafunctions from design logic
    Info (278003): Inferred multiplier megafunction ("lpm_mult") from the following logic: "Mul:mul|Mult0"
    Info (278003): Inferred multiplier megafunction ("lpm_mult") from the following logic: "Div:div|Iteration:X1|Mul:M1|Mult0"
    Info (278003): Inferred multiplier megafunction ("lpm_mult") from the following logic: "Div:div|Iteration:X1|Mul:M2|Mult0"
    Info (278003): Inferred multiplier megafunction ("lpm_mult") from the following logic: "Div:div|Iteration:X2|Mul:M1|Mult0"
    Info (278003): Inferred multiplier megafunction ("lpm_mult") from the following logic: "Div:div|Iteration:X2|Mul:M2|Mult0"
    Info (278003): Inferred multiplier megafunction ("lpm_mult") from the following logic: "Div:div|Iteration:X3|Mul:M1|Mult0"
    Info (278003): Inferred multiplier megafunction ("lpm_mult") from the following logic: "Div:div|Iteration:X3|Mul:M2|Mult0"
    Info (278003): Inferred multiplier megafunction ("lpm_mult") from the following logic: "Div:div|Mul:END|Mult0"
    Info (278003): Inferred multiplier megafunction ("lpm_mult") from the following logic: "Div:div|Mul:x0|Mult0"
Info (12130): Elaborated megafunction instantiation "Mul:mul|lpm_mult:Mult0"
Info (12133): Instantiated megafunction "Mul:mul|lpm_mult:Mult0" with the following parameter:
    Info (12134): Parameter "LPM_WIDTHA" = "24"
    Info (12134): Parameter "LPM_WIDTHB" = "24"
    Info (12134): Parameter "LPM_WIDTHP" = "48"
    Info (12134): Parameter "LPM_WIDTHR" = "48"
    Info (12134): Parameter "LPM_WIDTHS" = "1"
    Info (12134): Parameter "LPM_REPRESENTATION" = "UNSIGNED"
    Info (12134): Parameter "INPUT_A_IS_CONSTANT" = "NO"
    Info (12134): Parameter "INPUT_B_IS_CONSTANT" = "NO"
    Info (12134): Parameter "MAXIMIZE_SPEED" = "5"
Info (12021): Found 1 design units, including 1 entities, in source file db/mult_p8t.tdf
    Info (12023): Found entity 1: mult_p8t
Info (12130): Elaborated megafunction instantiation "Div:div|Iteration:X1|Mul:M1|lpm_mult:Mult0"
Info (12133): Instantiated megafunction "Div:div|Iteration:X1|Mul:M1|lpm_mult:Mult0" with the following parameter:
    Info (12134): Parameter "LPM_WIDTHA" = "24"
    Info (12134): Parameter "LPM_WIDTHB" = "24"
    Info (12134): Parameter "LPM_WIDTHP" = "48"
    Info (12134): Parameter "LPM_WIDTHR" = "48"
    Info (12134): Parameter "LPM_WIDTHS" = "1"
    Info (12134): Parameter "LPM_REPRESENTATION" = "UNSIGNED"
    Info (12134): Parameter "INPUT_A_IS_CONSTANT" = "NO"
    Info (12134): Parameter "INPUT_B_IS_CONSTANT" = "NO"
    Info (12134): Parameter "MAXIMIZE_SPEED" = "5"
Info (12130): Elaborated megafunction instantiation "Div:div|Iteration:X1|Mul:M2|lpm_mult:Mult0"
Info (12133): Instantiated megafunction "Div:div|Iteration:X1|Mul:M2|lpm_mult:Mult0" with the following parameter:
    Info (12134): Parameter "LPM_WIDTHA" = "24"
    Info (12134): Parameter "LPM_WIDTHB" = "24"
    Info (12134): Parameter "LPM_WIDTHP" = "48"
    Info (12134): Parameter "LPM_WIDTHR" = "48"
    Info (12134): Parameter "LPM_WIDTHS" = "1"
    Info (12134): Parameter "LPM_REPRESENTATION" = "UNSIGNED"
    Info (12134): Parameter "INPUT_A_IS_CONSTANT" = "NO"
    Info (12134): Parameter "INPUT_B_IS_CONSTANT" = "NO"
    Info (12134): Parameter "MAXIMIZE_SPEED" = "5"
Info (12130): Elaborated megafunction instantiation "Div:div|Iteration:X2|Mul:M1|lpm_mult:Mult0"
Info (12133): Instantiated megafunction "Div:div|Iteration:X2|Mul:M1|lpm_mult:Mult0" with the following parameter:
    Info (12134): Parameter "LPM_WIDTHA" = "24"
    Info (12134): Parameter "LPM_WIDTHB" = "24"
    Info (12134): Parameter "LPM_WIDTHP" = "48"
    Info (12134): Parameter "LPM_WIDTHR" = "48"
    Info (12134): Parameter "LPM_WIDTHS" = "1"
    Info (12134): Parameter "LPM_REPRESENTATION" = "UNSIGNED"
    Info (12134): Parameter "INPUT_A_IS_CONSTANT" = "NO"
    Info (12134): Parameter "INPUT_B_IS_CONSTANT" = "NO"
    Info (12134): Parameter "MAXIMIZE_SPEED" = "5"
Info (12130): Elaborated megafunction instantiation "Div:div|Mul:x0|lpm_mult:Mult0"
Info (12133): Instantiated megafunction "Div:div|Mul:x0|lpm_mult:Mult0" with the following parameter:
    Info (12134): Parameter "LPM_WIDTHA" = "24"
    Info (12134): Parameter "LPM_WIDTHB" = "24"
    Info (12134): Parameter "LPM_WIDTHP" = "48"
    Info (12134): Parameter "LPM_WIDTHR" = "48"
    Info (12134): Parameter "LPM_WIDTHS" = "1"
    Info (12134): Parameter "LPM_REPRESENTATION" = "UNSIGNED"
    Info (12134): Parameter "INPUT_A_IS_CONSTANT" = "YES"
    Info (12134): Parameter "INPUT_B_IS_CONSTANT" = "NO"
    Info (12134): Parameter "MAXIMIZE_SPEED" = "5"
Info (12021): Found 1 design units, including 1 entities, in source file db/mult_dct.tdf
    Info (12023): Found entity 1: mult_dct
Info (13014): Ignored 1422 buffer(s)
    Info (13019): Ignored 1422 SOFT buffer(s)
Info (144001): Generated suppressed messages file E:/BT/HK5/Thiet ke HTS HDL/Final/Floating-Point-ALU-in-Verilog-master/ALU/output_files/ALU.map.smsg
Info (16010): Generating hard_block partition "hard_block:auto_generated_inst"
    Info (16011): Adding 0 node(s), including 0 DDIO, 0 PLL, 0 transceiver and 0 LCELL
Info (21057): Implemented 4843 device resources after synthesis - the final resource count might be different
    Info (21058): Implemented 66 input pins
    Info (21059): Implemented 32 output pins
    Info (21061): Implemented 4682 logic cells
    Info (21062): Implemented 63 DSP elements
Info: Quartus II 64-Bit Analysis & Synthesis was successful. 0 errors, 7 warnings
    Info: Peak virtual memory: 4612 megabytes
    Info: Processing ended: Thu Dec 24 11:17:21 2020
    Info: Elapsed time: 00:00:15
    Info: Total CPU time (on all processors): 00:00:13


+------------------------------------------+
; Analysis & Synthesis Suppressed Messages ;
+------------------------------------------+
The suppressed messages can be found in E:/BT/HK5/Thiet ke HTS HDL/Final/Floating-Point-ALU-in-Verilog-master/ALU/output_files/ALU.map.smsg.


